TN:
SF:src\modules\appointments\services\CreateAppointmentService.ts
FN:12,(anonymous_17)
FN:16,CreateAppointmentService
FN:23,(anonymous_19)
FNF:3
FNH:3
FNDA:1,(anonymous_17)
FNDA:2,CreateAppointmentService
FNDA:3,(anonymous_19)
DA:1,1
DA:2,1
DA:12,1
DA:20,2
DA:23,1
DA:24,3
DA:25,3
DA:27,3
DA:29,3
DA:33,3
DA:34,1
DA:37,2
DA:41,2
DA:43,1
DA:45,1
LF:15
LH:15
BRDA:33,0,0,1
BRDA:33,0,1,2
BRF:2
BRH:2
end_of_record
TN:
SF:src\modules\users\services\AnthenticateUserService.ts
FN:17,(anonymous_18)
FN:19,AuthemticateUserService
FN:27,(anonymous_20)
FNF:3
FNH:3
FNDA:1,(anonymous_18)
FNDA:4,AuthemticateUserService
FNDA:4,(anonymous_20)
DA:2,1
DA:3,1
DA:5,1
DA:17,1
DA:21,4
DA:23,4
DA:27,4
DA:28,4
DA:29,4
DA:30,1
DA:36,3
DA:38,3
DA:39,1
DA:41,2
DA:45,2
DA:47,2
DA:54,2
DA:59,1
DA:60,1
LF:19
LH:19
BRDA:28,0,0,4
BRDA:29,1,0,1
BRDA:29,1,1,3
BRDA:38,2,0,1
BRDA:38,2,1,2
BRF:5
BRH:5
end_of_record
TN:
SF:src\modules\users\services\CreateUserService.ts
FN:12,(anonymous_17)
FN:15,CreateUserService
FN:26,(anonymous_19)
FNF:3
FNH:3
FNDA:2,(anonymous_17)
FNDA:5,CreateUserService
FNDA:6,(anonymous_19)
DA:1,2
DA:12,2
DA:17,5
DA:20,5
DA:26,2
DA:27,6
DA:28,6
DA:29,6
DA:31,6
DA:33,6
DA:34,1
DA:36,5
DA:37,5
DA:43,5
DA:45,2
DA:46,2
LF:16
LH:16
BRDA:31,0,0,6
BRDA:33,1,0,1
BRDA:33,1,1,5
BRF:3
BRH:3
end_of_record
TN:
SF:src\modules\users\services\UpdateUserAvatarService.ts
FN:13,(anonymous_17)
FN:15,UpdateUserAvatarService
FN:24,(anonymous_19)
FNF:3
FNH:3
FNDA:1,(anonymous_17)
FNDA:3,UpdateUserAvatarService
FNDA:4,(anonymous_19)
DA:3,1
DA:13,1
DA:17,3
DA:19,3
DA:24,1
DA:25,4
DA:26,4
DA:28,4
DA:29,4
DA:30,1
DA:32,3
DA:33,1
DA:35,3
DA:37,3
DA:39,6
DA:40,3
DA:42,1
DA:44,1
LF:18
LH:18
BRDA:28,0,0,4
BRDA:29,1,0,1
BRDA:29,1,1,3
BRDA:32,2,0,1
BRDA:32,2,1,2
BRF:5
BRH:5
end_of_record
TN:
SF:src\modules\users\services\ValidadeUserSession.ts
FN:7,(anonymous_14)
FN:8,(anonymous_16)
FNF:2
FNH:0
FNDA:0,(anonymous_14)
FNDA:0,(anonymous_16)
DA:1,0
DA:7,0
DA:8,0
DA:9,0
DA:13,0
DA:14,0
DA:16,0
DA:18,0
DA:19,0
LF:9
LH:0
BRDA:13,0,0,0
BRDA:13,0,1,0
BRF:2
BRH:0
end_of_record
